<?xml version="1.0" encoding="UTF-8"?>
<!-- Generated by org.testng.reporters.JUnitReportReporter -->
<testsuite hostname="DESKTOP-2" failures="0" tests="2" name="TestNGframeworks.DataproviderClasss" time="92.933" errors="0" timestamp="2024-08-17T15:40:04 IST" skipped="0">
  <testcase classname="TestNGframeworks.DataproviderClasss" name="test" time="55.507"/>
  <system-out/>
  <testcase classname="TestNGframeworks.DataproviderClasss" name="test" time="37.426"/>
  <system-out/>
</testsuite> <!-- TestNGframeworks.DataproviderClasss -->
