<?xml version="1.0" encoding="UTF-8"?>
<!-- Generated by org.testng.reporters.JUnitReportReporter -->
<testsuite hostname="DESKTOP-2" failures="0" tests="2" name="TestNGframeworks.MedlabNewTest" time="35.220" errors="0" timestamp="2024-09-04T11:28:56 IST" skipped="0">
  <testcase classname="TestNGframeworks.MedlabNewTest" name="f" time="2.097"/>
  <system-out/>
  <testcase classname="TestNGframeworks.MedlabNewTest" name="a" time="33.123"/>
  <system-out/>
</testsuite> <!-- TestNGframeworks.MedlabNewTest -->
