<?xml version="1.0" encoding="UTF-8"?>
<!-- Generated by org.testng.reporters.JUnitReportReporter -->
<testsuite hostname="DESKTOP-2" failures="0" tests="1" name="TestNGframeworks.BeforeAndAfterTest" time="0.025" errors="0" timestamp="2024-08-13T17:12:13 IST" skipped="0">
  <testcase classname="TestNGframeworks.BeforeAndAfterTest" name="verifyHomepageTitle" time="0.025"/>
  <system-out/>
</testsuite> <!-- TestNGframeworks.BeforeAndAfterTest -->
