<?xml version="1.0" encoding="UTF-8"?>
<!-- Generated by org.testng.reporters.JUnitReportReporter -->
<testsuite hostname="DESKTOP-2" failures="0" tests="2" name="TestNGframeworks.TestingAnnotation" time="0.031" errors="0" timestamp="2024-08-13T17:12:33 IST" skipped="0">
  <testcase classname="TestNGframeworks.TestingAnnotation" name="test1" time="0.020"/>
  <system-out/>
  <testcase classname="TestNGframeworks.TestingAnnotation" name="test2" time="0.011"/>
  <system-out/>
</testsuite> <!-- TestNGframeworks.TestingAnnotation -->
