<?xml version="1.0" encoding="UTF-8"?>
<!-- Generated by org.testng.reporters.JUnitReportReporter -->
<testsuite hostname="DESKTOP-2" failures="0" tests="3" name="TestNGframeworks.SkipTestNg" time="0.034" errors="0" timestamp="2024-08-17T15:41:30 IST" skipped="3">
  <testcase classname="TestNGframeworks.SkipTestNg" name="f2" time="0.019">
    <skipped/>
  </testcase> <!-- f2 -->
  <system-out/>
  <testcase classname="TestNGframeworks.SkipTestNg" name="f3" time="0.015">
    <skipped/>
  </testcase> <!-- f3 -->
  <system-out/>
  <testcase classname="TestNGframeworks.SkipTestNg" name="f1">
    <skipped/>
  </testcase> <!-- f1 -->
  <system-out/>
</testsuite> <!-- TestNGframeworks.SkipTestNg -->
